
jan08 var_MLOP failed
jan11 var_MLOP failed
fev08 var_MLOP failed
fev10 var_MLH failed
fev10 var_MLOP failed
fev10 var_NB1 failed
fev10 var_NB1 failed
mar10 var_MLH failed
mar10 var_MLOP failed
mar10 var_NB1 failed
mar10 var_NB1 failed
abr09 var_MLOP failed
abr10 var_MLH failed
abr10 var_MLOP failed
abr10 var_NB1 failed
abr10 var_NB1 failed
abr10 var_MLOP failed
abr11 var_MLOP failed
jul10 var_MLOP failed
jul10 var_MLOP failed
jul11 var_MLH failed
jul11 var_MLOP failed
jul11 var_NB1 failed
jul11 var_NB1 failed
ago10 var_MLH failed
ago10 var_MLOP failed
ago10 var_NB1 failed
ago10 var_NB1 failed
set08 var_MLH failed
set08 var_MLOP failed
set08 var_NB1 failed
set08 var_NB1 failed
out09 var_MLH failed
out09 var_MLOP failed
out09 var_NB1 failed
out09 var_NB1 failed
out11 var_MLOP failed
nov08 var_MLOP failed
nov10 var_MLH failed
nov10 var_MLOP failed
nov10 var_NB1 failed
nov10 var_NB1 failed
dez09 var_MLH failed
dez09 var_MLOP failed
dez09 var_NB1 failed
dez09 var_NB1 failed
2tr08 var_MLOP failed
2tr09 var_MLH failed
2tr09 var_MLOP failed
2tr09 var_NB1 failed
2tr09 var_NB1 failed
2tr11 var_MLH failed
2tr11 var_MLOP failed
2tr11 var_NB1 failed
2tr11 var_NB1 failed
3tr09 var_MLOP failed
3tr09 var_MLOP failed
4tr08 var_MLOP failed